[ACTIVEXKEY]
SETUSERID=Identifier
ADDSYMBOL=Variable symbol
SETSKIN=Aspect
SETBKCOLOR=Background color
SETTEXTCOLOR=Text color
SETFONTNAME=Font name
SETFONTSIZE=Font size
SETBKMODE=Background mode
SETDATACOLOR=Data color
SETTEXTMODE=Text mode
SETBORDERSIZE=Border size
SETRANGEMIN=Minimum value
SETRANGEMAX=Maximum value
SETNBDEC=Precision (Nb dec)
SETDIRECTION=Direction
SETBITMAP=Pathname
SETTEXT=Text
SETTYPE=Data type
SETDATAFORMAT=Data format
SETPLACEMENT=Placement
SETNBDIV1=Nb divisions (main)
SETNBDIV2=Nb divisions (small)
SETSYMBOLSPYDELAY=Spying delay (ms)
SETONBITMAP=Pathname for "TRUE" bitmap
SETOFFBITMAP=Pathname for "FALSE" bitmap
SETSCALECOLOR=Scale color
SETCTLTYPE=Action
SETBITMAPMODE=Bitmap display mode
SETBORDERCOLOR=Border color
SETBORDERMODE=Border style
SETTRUECOLOR=TRUE color
SETFALSECOLOR=FALSE color
SETLINK=Link
SETNBPOINTS=Nb of points
SETGAIN=Set gain
SETOFFSET=Set offset
OBJTYPE=Object type
FILLCOMBO=Data (Text1/Integer1:Text2/Integer2:...)
SETBITMAPVALUES=Bitmap pathes
DRAWPATH=Drawing path
FILLMETHOD=Fill method
SETSYMBOLWRITEDELAY=Writing value delay (ms)

[X5METER]
SETSKIN=<HIDE>
OBJTYPE=Analog meter

[X5BARGRAPH]
SETSKIN=<HIDE>
OBJTYPE=Bar graph

[X5BITMAP]
SETSKIN=<HIDE>
ADDSYMBOL=<HIDE>
SETSYMBOLSPYDELAY=<HIDE>
SETDATAFORMAT=<HIDE>
SETDATACOLOR=<HIDE>
OBJTYPE=Bitmap

[X5MULTISTATEBMP]
SETSKIN=<HIDE>
OBJTYPE=Multi-State Bitmap

[X5BUTTON]
SETBORDERMODE=<HIDE>
OBJTYPE=Button

[X5CHART]
OBJTYPE=Chart

[X5DIGITALMETER]
OBJTYPE=Digital meter

[X5LINK]
SETSKIN=<HIDE>
ADDSYMBOL=<HIDE>
SETSYMBOLSPYDELAY=<HIDE>
SETBORDERMODE=<HIDE>
SETDATAFORMAT=<HIDE>
SETDATACOLOR=<HIDE>
OBJTYPE=Link

[X5SCALE]
SETSKIN=<HIDE>
ADDSYMBOL=<HIDE>
SETSYMBOLSPYDELAY=<HIDE>
SETDATAFORMAT=<HIDE>
SETDATACOLOR=<HIDE>
OBJTYPE=Scale

[X5SHAPE]
SETBORDERMODE=<HIDE>
SETDATACOLOR=Color when not connected
OBJTYPE=Shape

[X5TEXTIN]
SETSKIN=<HIDE>
SETDATACOLOR=<HIDE>
OBJTYPE=Text input

[X5SPYCONNECTION]
SETSKIN=<HIDE>
ADDSYMBOL=<HIDE>
OBJTYPE=Spy connection

[X5PANEL]
SETSKIN=<HIDE>
ADDSYMBOL=<HIDE>
SETDATAFORMAT=<HIDE>
SETDATACOLOR=<HIDE>
SETBKCOLOR=<HIDE>
SETBKMODE=<HIDE>
SETTEXT=<HIDE>
SETTEXTCOLOR=<HIDE>
SETTEXTMODE=<HIDE>
SETFONTNAME=<HIDE>
SETFONTSIZE=<HIDE>
OBJTYPE=Screen

[X5CLOUDS]
OBJTYPE=Clouds

[X5BITMAPBOOL]
OBJTYPE=Boolean bitmap

[X5TEXTDISP]
OBJTYPE=Text display

[X5PUSHBUTTON]
OBJTYPE=Push button

[X5ANALOGBUTTON]
OBJTYPE=Analog button

[X5SLIDER]
OBJTYPE=Slider

[X5ROTATEBUTTON]
OBJTYPE=Rotate button
SETOFFSET=Angle offset (degrees)

[X5EDITOR]
OBJTYPE=Editor

[X5SPYSYMBOL]
OBJTYPE=Spy symbol

[X5BITS]
OBJTYPE=Bit field

[X5COMBO]
SETDATAFORMAT=<HIDE>
OBJTYPE=Combo

[X5GAUGE]
OBJTYPE=Gauge
SETSKIN=Needle aspect
SETTEXTCOLOR=Title color
SETDATACOLOR=Needle color
SETTEXT=Title
SETDIRECTION=Title placement
SETPLACEMENT=Value placement
SETBITMAP=Background bitmap
SETCENTERX=Needle X position (%)
SETCENTERY=Needle Y position (%)
SETNEEDLESIZE=Needle size (%)
SETANGLEMIN=Needle min. angle (from top)
SETANGLEMAX=Needle max. angle (from top)
SETGREENCOLOR=Green color
SETYELLOWCOLOR=Yellow color
SETREDCOLOR=Red color
SETGREENMIN=Green from
SETYELLOWMIN=Yellow from
SETREDMIN=Red from
SETGREENMAX=Green to
SETYELLOWMAX=Yellow to
SETREDMAX=Red to
SETTEXTMODE=<HIDE>

[X5CUSTOM]
OBJTYPE=Custom
SETSKIN=Custom object type
SETBKCOLOR=<HIDE>
SETTEXTCOLOR=<HIDE>
SETFONTNAME=<HIDE>
SETFONTSIZE=<HIDE>
SETBKMODE=<HIDE>
SETDATACOLOR=<HIDE>
SETTEXTMODE=<HIDE>
SETBORDERSIZE=<HIDE>
SETSYMBOLSPYDELAY=<HIDE>
SETTEXT=<HIDE>
SETBORDERCOLOR=<HIDE>
SETBORDERMODE=<HIDE>
SETDATAFORMAT=<HIDE>

[X5PATH]
OBJTYPE=Line shape
SETSKIN=<HIDE>
SETBORDERSIZE=Line thickness
SETBORDERCOLOR=<HIDE>
SETBORDERMODE=<HIDE>
SETDATACOLOR=Color when not connected
SETDIRECTION=Rotation

[X5ROTARYSWITCH]
OBJTYPE=Rotary Switch
SETDATAFORMAT=<HIDE>
SETTEXT=Title
SETDIRECTION=Title placement
SETTEXTCOLOR=Title color
SETFONTNAME=Title font name
SETFONTSIZE=Title font size
SETTEXTMODE=<HIDE>
SETBITMAPVALUES=Graduations