[W5EditRes]
0=OK
1=Cancel
2=Help
3=Copy to:
4=Library Defines (OEM)
5=Common defines
6=Global defines
7=Local Defines
8=Define
9=Description
10=Name
11=Value
12=NewRecipe
13=Value invalid or out of range
14=Symbol unknown!
15=Too many variables.\nRecipe cannot be sent to the target.
16=Enabled
17=Period
18=Phase
19=Properties
20=Type
21=Dim.
22=Attrib.
23=Syb.
24=Init value
25=TAG
26=Global variables
27=RETAIN variables
28=Boolean Inputs
29=Boolean Outputs
30=Analog Inputs
31=Analog Outputs
32=String Inputs
33=String Outputs
34=Word Inputs
35=Word Outputs
36=Input
37=Output
38=IN
39=OUT
40=Read-only
41=Added
42=Deleted
43=Input Parameter
44=Output Parameter
45=Private Variable
46=External
47=Do you want to delete this structure?
48=Graphic
49=Spy
50=Recipe
51=Command Line
52=Program %s is in use.\nPlease close it before modify.
53=Do you want to delete this program and all its children?
54=Do you want to delete this program?
55=Program name is too long!
56=UntitledSFC
57=UntitledST
58=UntitledFBD
59=UntitledLD
60=UntitledIL
61=Task
62=Time
63=ID
64=String
65=Bad syntax!
66=Signal
67=Arrange columns
68=Available:
69=Visible:
70=Default
71=Move Up
72=Move Down
73=(Project)
74=(All)
75=(Recent)
76=(Used)
77=No debug infos available
78=Instance
79=Event description
80=Do you want to delete this folder?
81=String Tables
82=Signals
83=Do you want to delete this file '%s'?
84=NewSpy
85=NewGraphics
86=StringTable
87=Object
88=STRATON
89=Export files (*.CSV)|*.CSV||
90=Import files (*.CSV)|*.CSV||
91=At least one property has not been checked.\nMaybe the imported file is not compatible with the current grid selection.\nDo you want to import file?
92=Configuration already exist.\nDo you want to overwrite it?
93=Import Fieldbus Files (*.FB5)|*.FB5||
94=The import file is not compatible with the selected fieldbus configuration.
95=Export Fieldbus Files (*.FB5)|*.FB5||
96=Do you want to permanently remove this configuration?\n\nWarning! This cannot be undone!\nYou can also 'Disable the configuration' via the corresponding button in the toolbar.\nA deactivated configuration will not be compiled neither sent to the Service.
97=Creation failed
98=Add Configuration
99=Select a configuration
100=Symbol
101=Binding
102=Address
103=Port
104=Network
105=Connection status
106=Variable status
107=Variable time stamp
108=Variable date stamp
109=Identifier
110=Exchange data
111=Variable error status
112=Variable date stamp
113=Variable time stamp
114=Connection error status
115=Destination
116=Positive hysteresis
117=Negative hysteresis
118=You must specify the symbol of a declared variable
119=Symbol is already used!
120=The ID symbol is already used.
121=Unable to use hysteresis on boolean variables!
122=Group
123=Extern Variable
124=Variable
125=Public Variable
126=Hysteresis
127=Positive:
128=Negative:
129=Symmetric
130=Unable to change var profile.\nVariable has already a profile.
131=User Group
132=Columns...
133=Visible
134=Width
135=Filter
136=Unable to activate history in this project\nPerhaps project is open twice
137=Reset Filter
138=# Diagram
139=Color
140=Soft Scope
141=Service conventions
142=Password
143=Access Rights
144=Protection
145=Maximum length
146=Default value
147=Editing mode
148=Minimum value
149=Maximum value
150=Big Endian
151=Little Endian
152=Read/Write
153=Yes
154=No
155=Inherit
156=Checkbox
157=Edit box
158=List box
169=Combo box
170=User
171=Add
172=Delete
173=Zoom
174=Auto scroll
175=Refresh rate:
176=Refresh
177=Time ranges
178=Time range:
179=From:
180=To:
181=Programs
182=Fieldbus Configurations
183=Profiles
184=I/Os
185=New Folder
186=File '%s' is in use.\nPlease close it before modify.
187=Do you want to delete this folder and all its children?
188=Binding Configuration
189=Gain
190=Offset
191=Results
192=By:
193=Embedded HMI
194=Strings
195=Bitmaps
196=Fonts
197=Screens
198=You have to select a device to continue.
199=Path
200=Palette
201=Height
202=Device System Font
203=Center
204=Right
205=Left
206=Device
207=Screen
208=Background Bitmap
209=Screen Size
210=Top
211=Bottom
212=Direction
213=Alignment
214=Background Color
215=(None)
216=All HMI resources will be deleted.\nDo you want to continue?
221=Minimum width: %d
222=Histogram
223=Points
224=Drawing style
225=Unable to modify (move, copy or clear) item during debug
226=EnumType%d
227=BitField%d
228=Types
229=INOUT
217=To Top
218=To Left
219=To Bottom
220=To Right
230=To Top-Right
231=To Top-Left
232=To Bottom-Left
233=To Bottom-Right
234=Mask
235=WEB Page
236=For WEB pages
237=Others
238=For all other extern files (text or binary)
239=Create Extern Item
240=Item name/path/URL
241=Item type:
242=Item
243=Quality
244=Format
245=Scan
246=ID already exists!
247=Palette not found!
248=Device System Font not found!
249=Unable to copy screen.\nDevices are different.
250=File (*.%s)|*.%s| All Files (*.*) |*.*||
251=ied
252=File ICD(*.icd)|*.icd|File SCL(*.scl)|*.scl|File XML(*.xml)|*.xml|All Files (*.*)|*.*||
253=Unable to perform this operation.\nThe project is read-only.
254=This name is already used.\nPlease use another name.
255=Choose the WEB page or IP Address
256=Search for a WEB Page
257=Create Screen
258=Variables
260=Month Day, Year
261=Hour:Minute:Seconde
262=Month Day, Year (Hour:Minute:Seconde)
263=Year.Month.Day
264=Comment
265=Name is empty.
266=Edit Structure
267=Do you want to overwrite all profile properties of the selected variables?
268=Create Variable
269=Edit Variable
270=System
271=ID already exists.\nDo you want to replace it?
272=Yes All
273=No All
274=Select Variables
275=Replace
276=In Columns
277=What:
278=Match Case
279=Prefix
280=Suffix
281=Everywhere
282=Whole Word
283=Search:
284=Replace:
285=Rename Variables
286=Where:
287=Undo
288=Cut
289=Copy
290=Paste
291=Clear
292=Select All
293=File:
294=Version:
295=Driver Informations
296=Select
297=Unable to add more than %d children.
298=A file name cannot use these characters:\n\\ / : * ? \" < > |
299=Main task
300=Public
301=Clear report
302=Owner
303=Delete frames
304=Iterate
305=Declare variables in database
306=Set offsets
307=Set Variables
308=Remove old variables
309=NewTestSeq
310=Inputs:
311=(All Projects)
312=NewMultiSpy
313=Global Binding Editor
314=New
315=NewMultiSoftscope
316=Unable to read more than %d items.
317=This operation cannot be performed.\nObject is locked by source control.
318=This operation cannot be performed.\nHMI is locked by source control.
319=This operation cannot be performed.\nWorkspace is locked by source control.
320=This operation cannot be performed.\nThe Project is locked by source control.
321=This operation cannot be performed.\nConfiguration is locked by source control.
322=Variables will not be declared in the database.\nThe global group is locked by source control.
323=This operation cannot be performed.\nThe binding configuration is locked by source control.
324=Enter Value
325=Hexadecimal:
326=Decimal:
327=Binary:
328=Abort
329=Retry
330=Ignore
331=Continue
332=Node already contains children.\nDo you want to delete them before import new ones?
333=Apply
334=< Previous
335=> Next
336=Finish
337=Generate HTML5 WEB page
338=Symbol should be embedded
339=Unable to perform this operation.\nThe 'PUBLIC' property is locked by source control.
340=Sort by:
341=Sort Variables
342=Ascending
343=(Default)
344=Sub-Programs
345=Files
346=Defines
347=POUs
348=Groups
350=Statistics: (unit = program)\r\n - Maximum: %d at cycle %d\r\n - Minimum: %d at cycle %d\r\n - Average: %d\r\nCalculated on %d cycles
351=Driver name
352=Driver information
353=Unable to delete items from several projects
354=Do you want to delete selected items and their children?
355=Do you want to delete the selected item and its children?
356=Unable to delete the item. All children of this item have to be deleted first.
357=The driver 'Link with embedded HTTP Server' must be declared in project
358=Import
359=CTRL + click to follow link
360=Structures
361=Enumerated Data Types
362=Bit Fields
363=Displayed text
364=Unable to perform this operation.\nThe project list is read-only.
365=Variables: Project=%d
366=, group=%d
367=, hidden=%d
368=Reset all settings and closes the Logic Studio.\nDo you want to continue?
369=From Disk:
370=From Target:
371=From ZIP/XML:
372=Create Shared Memory
373=The Shared memory block '%s' will be replaced.\nDo you want to continue?
374=Feature is not supported by this fieldbus configuration.
375=Create
376=Advanced
377=This symbol does not exist. Possible actions
378=Rename variable
379=Declare new variable
380=Fewer
381=More
382=Libraries
383=Searching for unused '%s' in '%s'
384=Unused
385=Variables will be sent in several packets.\nDo you want to continue?
386=TLS Parameters
387=Enable Transport Layer Security (TLS)
388=Certificate path (Private/CA)
389=Private Certificate (.pem)
390=Peer certificate Subject (CN)
391=TLS policies
392=Minimal TLS version
393=TLS 1.0 - 1.2 ciphers (OpenSSL format)
394=TLS 1.3 ciphers (OpenSSL format)
395=TLS Authentication
396=Enable Secure Authentication
397=Secure Authentication Version
398=Key wrap algorithm
399=MAC algorithm
400=Use aggressive mode
401=SAv5 Challenge responses
402=Secure Authentication timeout (ms)
403=Session key Renewal (sec)
404=Session key Renewal (ASDU)
405=SAv2 - Max. Authentication errors
406=Update key
407=Generate update key
408=Key must be %d characters long.
409=Only these characters are allowed: 0-9, A-F, a-f
410=Enabled
411=Disabled
412=Source
413=Use password authentication
414=Plain text key value
415=Use certificate authentication
416=Certificate path (Private/CA)
417=Private Certificate (.pem)
418=Support obsolete object IDs
419=Exclude authentication value
420=Server
421=Add Report Control Blocks
422=Import all
423=Server URL
424=Scanning '%s'...
425=Server certificate
426=Message security mode
427=Security policy
428=Transport profile URI
429=Security level
430=Unable to find endpoints on URL '%s' - %s (0x%X)
431=Unable to create client
432=Please select a valid endpoint
433=Connection state
434=Level
435=Category
436=Message
437=Client Tool
438=Server information
439=Endpoint URL
440=Authentication settings
441=User name
442=Search endpoints
443=Connect
444=Clear output
445=Copy output
446=Anonymous
447=Certificate
448=Private Key
449=Session settings
450=Session name
451=Unable to find endpoints on URL '%s'
452=Unable to connect to %s.\nError: %s
453=Connected
454=Disconnect
455=Writing successful: node '%s' = %s
456=Writing failed: node '%s' (Error 0x%X - %s)
457=Used
458=TAG list has been changed.\nDo you want to save?
459=Add TAGs
460=Value is empty
461=Path is empty
462=Value is already used
463=Symbol must be embedded
464=Select bitmaps
465=Open certificate location
466=Export Project for WEB Monitoring
467=Select export folder
468=Index file name:
469=The folder does not exist
470=Download
471=Source folder:
472=Symbols are not embedded. Do you want to continue?
473=Bad syntax: the name must start with a '_' or a letter and must be followed by letters, numbers or '_'
474=View status bits
475=Please start the scope to get status bits
476=Request Type:
477=Destination folder:
478=Status
479=To download
480=Close
481=Stop Download
482=Download
483=Downloaded
484=Download error %d: %s
485=Not downloaded (JS and CSS files are not downloaded)
486=Not all files have been downloaded.\nLast error: %d - %s
487=All files have been downloaded
488=Unable to rename file
489=Unable to delete file
490= (Home Page)
491=Define as home page
492=Warnings
493=The folder is not empty. Do you want to delete all existing files before you continue?
494=Export graphics as HTML5
495=no error
496=unknown error
497=bad address
498=unsupported protocol
499=Login:
500=Protocol:
501=Unable to upload files.\nDLL 'K5FT.dll' is missing.
502=Open local file failed: %s
503=Remember password
504=Create Index
505=Access Point
506=File already exists on remote. Do you want to overwrite ALL the files?
507=Index
508=Graduations
509=Angle (° from top)
510=Unable to edit initial values for arrays with more than %d elements
511=Custom%d
512=Column
513=(Array too big)
514=Certificate path: %s
515=Input Bit
516=Output Bit
517=Input Byte
518=Output Byte
519=Input Word
520=Output Word
521=Input DWord
522=Output DWord
523=Trace Level
524=No trace
525=Information
526=Debug
527=Art-No
528=Less than %d: inactive\nMinimum: %d ms\nMaximum: %d ms
529=Unable to disable a node at tree level %d.
530=Unable to enable node if its parent node is disabled.
531=Do you want to delete this subgroup?
532=Unable to set a constant on the output(s) of a block.
533=Pin Name
534=Select inputs and outputs
535=Outputs
536=Unions
537=Edit Union
538=Do you want to delete this union?
539=Value 1
540=Value 2
541=Time 1
542=Time 2
543=<--> Range
544=<--> Min.
545=<--> Max.
546=<--> Aver.
1000=Grid Settings
1001=Show Grid
1002=Snap to Grid
1003=X max
1004=Y max
1005=Graphic Item Properties
1006=Use Fast CGI
1007=Page Generation
1008=Download Page
1009=Download Page on target after generation
1010=Destination:
1011=Folder:
1012=Driver:
1013=Display Page after download
1014=Do you want to continue?
1015=Use CGI
1016=Use WebSockets
1017=Object type '%s' is not supported
1018=%s: Unable to use the value '%s' on property '%s'
1019=%s: Unable to use the value '%s' on property '%s'. Replaced by '%s'
1020=%s: Unknown symbol: '%s'.
1021=%s: if bitmap is greater than rect, the bitmap is stretched.
2000=Screen Properties
2001=Object Properties
2002=%s (x:%d, y:%d, sx:%d, sy:%d): size is out of device area (x:%d, y:%d, sx:%d, sy:%d)
2003=Grid Step
3000=Not enough space to insert item.
3001=Position
3002=Size
3003=Border Size
3004=Border Color
3005=Nb Headers
3006=Font
3007=Font Color
3008=Back Color
3009=Text
3010=Bitmap Path
3011=Printing control area
3012=Document name
3013=Page Number
3014=Build Version
3015=Add Text
3016=Add Document name
3017=Add Page Number
3018=Add Build Version
3019=Add Date
3020=Add Bitmap
3021=Enter your text
3022=Select Bitmap...
3023=Project Name
3024=Document Description
3025=Project Description
3026=X Thickness
3027=Y Thickness
3028=Show Folio
4000=Subnetwork
4001=Text
4002=Communication
4003=Select FCDAs
4004=Select GOOSE Template
4005=Template:
4006=(Last Used)
4007=GOOSE Control Block default
4008=Select IED for Import
4009=Select Logical Node
4010=Base Class:
4011=Type Name:
4012=No class selected!
4013=No type selected!
4014=Select Report Control Block Template
4015=BRCB_Default
4016=URCB_Default
4017=Services
4018=Add New Type
4019=Details
4020=Expand All
4021=Collapse All
4022=Show checked
4023=This type already exists!
4024=At least one of them should be activated:
4025=Mandatory
4026=View Type
4027=The current configuration will be deleted.\nDo you want to continue?
4028=Import SCL File
4029=ICD files (*.icd)|*.icd|CID files (*.cid)|*.cid|SCL files (*.scl)|*.scl|XML files (*.xml)|*.xml|SCD files (*.scd)|*.scd|All files (*.*) |*.*||
4030=This instance name cannot be empty.
4031=This instance name is already used by another logical device.\nPlease use another instance name.
4032=This dataset name cannot be empty.
4033=This dataset name is already used by another dataset.\nPlease use another name.
4034=LDevice '%s' must have one LLN0 node
4035=LDevice '%s' must have one LPHD node
4036=Report Control Block '%s': Dataset '%s' does not exist in Logical Device '%s'
4037=GOOSE Control Block '%s': Dataset '%s' does not exist in Logical Device '%s'
4038=Warning: Dataset '%s' not used
4039=Check succeeded
4040=Check failed
4041= - %d errors
4042= - 1 error
4043= - %d warnings
4044= - 1 warning
4045=The types below cannot be added. There are errors in the 'IEC61850 DataTypes.xml' file
4046=File has errors.\nSee output.
4047=XML files (*.xml)|*.xml| ICD files (*icd)|*.icd||
4048=Type is used.\nYou cannot delete an used type
4049=Nothing to be deleted.
4050=Clear unused types
4051=Types removed:
4052=See Output for results
4053=Nothing done.\nAll types are used.
4054=Unable to create variables.\nProject is in debug.
4055=Create Variables
4056=Create variables for all logical nodes in logical device?
4057=Create variables for all logical nodes in tree?
4058=Variable creation '%s' (%s) skipped
4059=Variable '%s' cannot be created. (Unknown type '%s').
4060=Variable creation '%s' (%s --> %s) 
4061=Variable creation '%s' (%s --> %s[%d]) 
4062=Failed!
4063=No Dataset declared
4064=     Used in Report Control Block '%s'
4065=     Used in GOOSE Control Block '%s'
4066=Dataset '%s' not used
4067=Dataset '%s' (used %d times):
4068=Report Control Block '%s': Dataset '%s' does not exist in Logical Device '%s'
4069=You must specify a Subnetwork name
4070=The DO name '%s' used in Dataset '%s' does not exist in Logical Node '%s'
4071=Create New DA Type
4072=This DA Type is used in %s '%s'.\nIt cannot be deleted.
4073=This ENUM Type is used in %s '%s'.\nIt cannot be deleted.
4074=Unable to find logical node '%s'
4075=The DOI/DAI '%s/%s' used in Logical Node '%s' does not exist
4076=The DOI '%s' used in Logical Node '%s' does not exist
4077=Please select a DA Type
4078=Please select a DO Type
4079=This DO Type is used in Logical Node '%s'.\nIt cannot be deleted.
4080=Select ENUM Type
4081=Edit Type
4082=Can only rename the user defined DOs.
4083=A RCB cannot use a dataset (%s) that uses a DA (%s)
4084=NewBDA
4085=NewDO
4086=type unknown
4087=not found
4088=description not found
4089=category not found
4090=Nb LNode Types
4091=Categories for DO types
4092=Errors
4093=No error found in file
4094=Statistics for 'IEC61850 DataTypes.xml'
4095=Please select an ENUM Type
4096=Create New ENUM Type
4097=BType
4098=Used
4099=Array
4100=FC
4101=Dchg
4102=Qchg
4103=Dupd
4104=Ord
4105=Category
4106=Add Logical Device\nAdd Logical Device
4107=Add Logical Node\nAdd Logical Node
4108=Add Dataset\nAdd Dataset
4109=Add Report Control Block\nAdd Report Control Block
4110=Add GOOSE Control Block\nAdd GOOSE Control Block
4111=Import SCL file\nImport SCL file
4112=Check Syntax\nCheck Syntax
4113=Edit communication\nEdit communication
4114=Edit services\nEdit services
4115=Add Type\nAdd Type
4116=Remove Type\nRemove Type
4117=Import Types\nImport Types
4118=Show/Hide Output\nShow/Hide Output
4119=Edit Communication
4120=Edit Services
4121=Edit
4122=Cut
4123=Copy
4124=Paste
4125=Delete
4126=View Type
4127=Edit DOI/DAI
4128=Add Logical Device...
4129=Add Logical Node...
4130=Add Dataset
4131=Add Report Control Block...
4132=Add GOOSE...
4133=Expand All
4134=Collapse All
4135=Show Datasets usage
4136=Add Type...
4137=Remove Type
4138=Remove Unused Types
4139=Edit Type...
4140=Import Types...
4141=DO Types...
4142=DA Types...
4143=ENUM Types...
4144=Create and Add Logical Node\nCreate and Add Logical Node
4145=Create and Add Logical Node...
4146=DO Types
4147=DA Types
4148=ENUM Types
4149=Select DO Type
4150=Select DA Type
4151=DO '%s': name cannot exceed %d characters
4152=Select Edition
4153=Edition 1.0
4154=Edition 2.0
4155=Rename DO Type
4156=Create New DO Type
4157=The DOI/DAI '%s/%s' used in Logical Node '%s' uses an invalid enum value '%s' (Possible values are: %s)
4158=Export file\nExport file
4159=Add SDO
4160=Enum type '%s': no value
4161=LN Types
4162=Dataset cannot be empty
4163=Report Control Block '%s': The Report ID '%s' is already used
4164=Report Control Block: The maximum of RCB (%d) defined in the 'service' (%d) is not considered
4165=The DOI/DAI '%s/%s' used in Logical Node '%s' cannot be empty. Any enumerated Data type must be set with a default value.
4166=The DOI/DAI '%s/%s' used in Logical Node '%s' uses an invalid value '%s'.
4167=Edit private TAGs of element '%s'
4168=Internal error
4169=Only private TAGs of DAI can be edited
4170=Value, type or description of the DAI must be set before editing private TAGs
4171=Private TAG type cannot be empty
4172=LNode '%s': the combination 'Instance + LN Class Name + Prefix' must be unique. Please use another instance or prefix.
4173=Setting Groups\nSetting Groups
4174=Setting Groups...
4175=Active Setting Group
4176=Number of Setting Groups
4177=The DOI/DAI '%s/%s' used in Logical Node '%s' uses an invalid Setting Group '%d' (maximum is '%d')
4178=Setting Group
4179=Bad Name syntax - min 2 characters
4180=Bad Name syntax - max 32 characters
4181=Bad Name syntax - 
4182=Setting Groups
4183=The 'Active Setting Group' cannot be greater than 'Number of Setting Groups'
4184=Activate Setting Groups
4185=Private TAGs
4186=This file contains several IEDs, you have to choose only one.\nIn demo mode, you cannot edit several IEDs in same file.\nIf you want to edit several IEDs, you have to purchase a license.
4187=Demo mode
4188=Add new IED\nAdd new IED
4189=Add new IED
4190=Duplicate IED\nDuplicate IED
4191=Duplicate IED
4192=Unable to remove the IED. The configuration must include at least 1 IED.
4193=%s: select FCDAs
4194=Data Set: The maximum number of (%d) DataSets defined in the 'service' (%d) has been exceeded. Additional DataSets will not be considered.
4195=Namespace
4196=Inputs\nInputs
4197=Inputs
5000=No reference found
5001=Cross Ref
5002=Label:
5003=Pragma:
5004=Comment:
5005=The label \"%s\" is already used.
5006=Functions must be entirely selected before they can be deleted.
5007=All of Network #1 will be deleted. Do you want to continue?
5008=Do you want to DELETE/CUT the selected row(s)?
5009=This action would create orphaned network rows and cannot be performed.
5010=Network #%d will be merged with network #%d. Do you want to continue?
5011=Row(s) contain functions/function blocks, and cannot be modified.
5012=This will divide network #%d into two or more networks. Do you want to continue?
5013=This action would delete function(s) beneath you. Do you want to continue?
5014=Functions must be entirely selected before they can be copied.
5015=The \"paste\" data contains a power rail - it must be pasted in column zero.
5016=The \"paste\" data contains a network - it must be pasted in column zero.
5017=Elements, including functions, will be overwritten. Do you want to continue?
5018=Elements will be overwritten. Do you want to continue?
5019=Network(s) will be overwritten. Do you want to continue?
5020=Power rail cannot be overwritten.
5021=A vertical wire cannot be dropped in the first row of the network.
5022=Network Properties
5023=The network label is used elsewhere. Please specify a unique network label, or select 'Clear This Label'.
5024=Paste - Duplicate network labels found
5025=Cancelling will automatically delete all remaining duplicate network labels.\nDo you want to cancel?
5026=New network label:
5027=Clear All Duplicate Labels
5028=Clear This Label
5029=Software Declarations
5030=Symbol name already exists. Enter a different name.
5031=Symbol Information:
5032=A symbol referenced in the ladder cannot be pasted. A symbol with this name already exists. Do you want to change the source symbol name to be used for all ladder references to this symbol?
5033=Change source name
5034=Target
5035=Dimensions
5036=Attributes
5037=Extern
5038=The height of item does not match with the UDFB definition
5039=TXT files (*.TXT)|*.TXT||
5040=%s already exists.\nReplace?
5041=A file open exception has occurred. Error opening file %s.
5042=Comment Export
5043=Select Output Text File
5044=Use Index Numbers
5045=Use Network Numbers
5046=Start
5047=Comment Import
5048=Update comments with text file.
5049=Replace ALL comments with text file. Will delete comments not in text file.
5050=Network number %d is unknown, comment not used.
5051=Index number %d is unknown, comment not used.
5052=Not a comment text file.
5053=A type '%s' already exists and does not match with source type.
5054=Unable to create type '%s', variable has not been declared. Do you want to continue?
5055=Changes have not been saved. Do you want to continue?
5056=Select Input Text File
5057=End of Module
5058=Network #%d 
5059=Function may not be placed on the first column.
5060=Do you want to delete network #%d?
5061=Unable to move, paste or drop items after collapsed network!\nExpand network #%d before do it.
5062=Unable to merge collapsed network %d. Please, expand it before merge.
6000=Project Comparison
6001=Unable to compare project with itself
6002=Unable to open project(s)
6003=Browse
6004=Do you want to close this window?
6005=Local/Version Control
6006=left only
6007=right only
6008=Unable to find string
6009=Project 1:
6010=Project 2:
6011=Options
6012=Ignore case
6013=Ignore comments
6014=Ignore white spaces
6015=Ignore diagram/chart presentation (logic only)
6016=Sort variables before comparison
6017=Format for variable description
6018=IEC Syntax
6019=XML
6020=CSV
6021=Compare Projects (Ctrl+E)\nCompare Projects (Ctrl+E)
6022=Go to next difference (Ctrl+Down)\nGo to next difference (Ctrl+Down)
6023=Go to previous difference (Ctrl+Up)\nGo to previous difference (Ctrl+Up)
6024=Find... (Ctrl+F)\nFind (Ctrl+F)
6025=Unable to open the file '%s'.
6026=Unable to unzip the file '%s'.
6027=Unable to import the file '%s'.
6028=Unable to upload project from '%s'.
6029=Create all differences on initial loading (may cause loading time)
6030=Generating...
6031=Expand All\nExpand All
6032=Collapse All\nCollapse All
6033=On left
6034=On right
6035=Hidden
6036=Scroll bar position:
6037=Tree colors
6038=Items are identical
6039=Items are different
6040=Item only in project 1
6041=Item only in project 2
6042=Diff view colors
6043=Scrollbar background
6044=Thumb
6045=View/scrollbar background
6046=View/scrollbar selected difference
6047=View/scrollbar unselected difference
6048=Load Comparison from File... (Ctrl+O)\nLoad Comparison from File... (Ctrl+O)
6049=Save Comparison to File... (Ctrl+S)\nSave Comparison to File... (Ctrl+S)
6050=Please wait...
6051=Load File
6052=Compare projects
6053=Load saved comparison results
6054=Zip File (*.zip)|*.zip|Export File (*.xml)|*.xml|All Files (*.*) |*.*||
6055=Compare
6056=Field '%s' is empty.\nPlease select a valid project folder.
6057=Field '%s' is empty.\nPlease select a valid target address.
6058=Field '%s' is empty.\nPlease select a valid file path.
6059=The extension '%s' is not supported.\nPlease select a valid ZIP or XML file.
6060=File path is empty.\nPlease provide a valid 'comparison result' file.
6061=The path '%s' is not a valid project folder.\nPlease select a valid project folder.
6062=Please enter the network address in one of the formats:\n- 127.0.0.1:1100\n- localhost:1100
6063=Please select a valid '%s' file.
6064=Show coordinates
6065= (Difference: %d%%)
6066= (Difference: %d items)
6067= (Difference: 1 item)
7000=Value range
7001=Defines the maximum shown recent projects in the menu.
7002=Defines the maximum number of open documents in the main window.
7003=Enables/disables the main menu at the top of the Logic Studio view.
7004=Enables/disables the toolbar at the top of the Logic Studio view.
7005=Enables/disables the status bar at the bottom of the Logic Studio view.
7006=Allows to define font name for text editors (ST, defines...).
7007=Allows to define font size for text editors (ST, defines...).
7008=Allows to define font name for graphic editors (FBD, graphics).
7009=Allows to define font size for LD editor.
7010=Allows to define font size for SFC editor (steps and transitions).
7011=Allows to define font name for variable list (dictionary).
7012=Allows to define font name for grids.
7013=Allows to define font name for title bars.
7014=If this option is activated, a dialog opens to confirm to save before closing the program in the main window.
7015=Automatic save cyclic in defined period.
7016=If a variable is renamed in the variable list (dictionary), the dialog 'Replace in files' opens.\nVia the dialog, you can rename the variable name in all programs/files where it is used.
7017=If a subprogram or UDFB is renamed, the dialog 'Replace in files' opens.\nVia the dialog you can rename the POU name in all programs/files where it is used.
7018=Defines the maximum steps to Undo/Redo changes.
7019=Defines the space in characters for a tab jump.
7020=If this option is activated, the line numbers in the ST editor are shown in front of each line.
7021=Defines default vertical markers for new created FBD programs.
7022=Asks, if you want to declare a variable which does not exist, if active.\nNot available in SFC language.
7023=If this option is activated, instances of structures, function blocks and UDFBs are shown in the variable list (dictionary).
7024=If this option is activated and the project is in debug mode (Simulation mode or OnLine mode), then the other projects in the same project list are in Read-Only mode and cannot be modified.
7025=If this option is activated, and if you select a variable in the variable list and click in the context menu on Browse Variable, Update Browse Infos and Yes, the editor will browse variables in all projects contained in the current project list, to find its place of usage.
7026=If this option is activated, update browse information is done automatically after saving a program.
7027=If this option is activated, commas are used instead of semicolons when exporting elements in CSV format.
7028=Marks modifications in the main window with the defined color, if active.\nYou can define the desired color in the Options dialog.
7029=If this option is activated, when a program closes, the scrollbar positions are saved. Scrollbar positions are restored when program is re-open.
7030=This is the general look and feel of the IDE.\nIf you change this option a restart is required.
7031=This is the default color for all editors.
7032=This is the color used during drag&drop operations.
7033=This is the color for TRUE values.
7034=This is the color for FALSE values.
7035=This is the color for stopped programs in workspace tree.
7036=This is the color for paused programs in workspace tree.
7037=This is the color for comment boxes and texts.
7038=This is the color for unsupported elements by active target system configuration.
7039=This is the color for language keywords.
7040=This is the color for constants in ST and FBD editors.
7041=This is the color for track changes flag in editors.
7042=This is the FBD and graphics background color.
7043=This is the line color when item types mismatch in LD and FBD editors.
7044=When this option is set to 'Yes', the FBD variables are filled with the selected color instead of TRUE or FALSE colors during debug.
7045=This is the color for conditions in FBD editor.
7046=This is the LD background color.
7047=This is the background color for selected cells in LD editor.
7048=This is the color for grid of LD editor.
7049=This is the color for left power in LD editor.
7050=This is the background color for margin of ST editor.
7051=If this option is activated, if you copy a part of a graphic editor (FBD, LD or SFC), then the bitmap copy is sent also to general clipboard.
7052=If this option is activated, it opens a dialog to create a new variable, after entering a new variable name.
7053=Allows to put a 'pulse' on a contact or a coil.
7054=After inserting a variable, a dialog will be opened to create a new variable, if active.
7055=Removes unused instances automatically from the program during the saving process, if active.
7056=When using the variable creation dialog box:\n    - If active, the dialog displays full creation options.\n    - If inactive, the dialog displays light set of options.
7057=If this option is activated, restores the selecting mode after inserting an item in FBD editor.
7058=Defines which informations are visible when adding a new variable in FBD.
7059=Defines the default width of variables.
7060=Defines the default width of function block.
7061=Inserts the needed input and output variables, if you insert a function block.
7062=Supports the auto-connection of variables and function blocks.
7063=Underlines the name of Global variables in the editor to get a better overview.
7064=Allows to snap link connections to the grid, e.g. links between two function blocks.
7065=If this option is activated, displays variable type in tooltip (during edit).
7066=If this option is activated, displays variable type in tooltip (during debug).
7067=If this option is activated, displays variable dimension in tooltip (during edit).
7068=If this option is activated, displays variable dimension in tooltip (during debug).
7069=If this option is activated, displays variable properties in tooltip (during edit).
7070=If this option is activated, displays variable properties in tooltip (during debug).
7071=If this option is activated, displays variable 'embedded' status in tooltip (during edit).
7072=If this option is activated, displays variable 'embedded' status in tooltip (during debug).
7073=If this option is activated, displays variable init value in tooltip (during edit).
7074=If this option is activated, displays variable init value in tooltip (during debug).
7075=If this option is activated, displays variable alias in tooltip (during edit).
7076=If this option is activated, displays variable alias in tooltip (during debug).
7077=If this option is activated, displays variable description in tooltip (during edit).
7078=If this option is activated, displays variable description in tooltip (during debug).
7079=List of file extensions that will be opened in text editor.
7080=List of file extensions that will be opened in binary viewer.
7081=List of file extensions that will be opened in xml viewer.
7082=List of file extensions that will be opened in WEB viewer.
7083=Allows to define prefixes for fast variable declaration.\nIf option is active, the declaration dialog preselects the according data type.\nExemple: if you use 'i' for INT type, when adding a new 'iMyVar' the INT type will proposed by default.
7084=Prefix used to declare new variable with associated type.
7085=This is the default text color for ST editor.
7086=This is the background color for ST editor variables during debug.
7087=This is the ST background color.
7088=This is the IL background color.
7089=This is the SFC background color.
7090=This is the background color for selected cells in SFC editor.
7091=This is the color for grid of SFC editor.
7092=This is the color of locked items (steps and transitions) in SFC editor.
7093=This is the color of forced items in SAMA editor.
7094=This is the color for analog values in SAMA editor.
7095=This is the line color for BOOL type in FBD editor.
7096=This is the line color for SINT type in FBD editor.
7097=This is the line color for USINT type in FBD editor.
7098=This is the line color for INT type in FBD editor.
7099=This is the line color for UINT type in FBD editor.
7100=This is the line color for DINT type in FBD editor.
7101=This is the line color for UDINT type in FBD editor.
7102=This is the line color for LINT type in FBD editor.
7103=This is the line color for REAL type in FBD editor.
7104=This is the line color for LREAL type in FBD editor.
7105=This is the line color for TIME type in FBD editor.
7106=This is the line color for STRING type in FBD editor.
7107=This is the line color for specified type in FBD editor.
7108=Defines which actions should be done after inserting a new instance.
7109=Defines whether the start page should be displayed at startup.
7110=If this option is activated, the text editors will display all occurences of the searched string.
7111=This is the tooltips background color.
7112=This is the bookmarks color.
7113=This is the breakpoints color.
7114=This is the color of the current position indicator when using step by step mode.
7115=This is the undefined color for uncompiled parts of code.
7116=This is the background color of searched string occurences.
7117=This is the ST selected text color.
7118=This is the ST selected background color.
7119=If this option is activated, the Tab Control is hidden when only one document is open.
7120=This option improves performances for projects with big document contents.\nEach document is loaded only the first time it is shown with tab.
7121=This option is used to avoid loading projects unnecessarily in memory.\nOnly projects used by documents already opened are loaded when the list is opened.
7122=This option is used to remove all connected items to a Function Block when user removes the Function Block from diagram.\nImportant: variables are not removed from the database.
7123=This option is used to decrease time when opening the variable dialog box.\nDedicated to projects with lot of variables.
7124=If this option is activated, the following applies for the saving process:\n- Removes unused local instances automatically from the program.\n- Updates types of used local instances in the database with the types used in LD and FBD editors.
7125=If this option is activated, a dialog will be opened to select inputs and outputs of the added function block. This option is only available when the option 'Auto insert variables when inserting a function block' is activated too.
7126=This option is used to select a view layout.
7127=Used to increase spaces between characters (100%: normal spacing, 200%: double spacing). This is mainly used when using kanji characters.
8000=Table of Content
8001=Error(s) occurred during export.\nPlease check log file:\n"
8002=Display tooltips when names too long
8003=Created pdf file
